<?xml version="1.0" encoding="utf-8"?>
<Workflow WorkflowId="{87c15c4d-4b32-f011-8c4e-00224808c7a1}" Name="test" xmlns:xsi="http://www.w3.org/2001/XMLSchema-instance">
  <XamlFileName>/Workflows/test-87C15C4D-4B32-F011-8C4E-00224808C7A1.xaml</XamlFileName>
  <Type>1</Type>
  <Subprocess>0</Subprocess>
  <Category>0</Category>
  <Mode>1</Mode>
  <Scope>1</Scope>
  <OnDemand>0</OnDemand>
  <TriggerOnCreate>1</TriggerOnCreate>
  <TriggerOnDelete>0</TriggerOnDelete>
  <AsyncAutodelete>0</AsyncAutodelete>
  <SyncWorkflowLogOnFailure>1</SyncWorkflowLogOnFailure>
  <StateCode>0</StateCode>
  <StatusCode>1</StatusCode>
  <CreateStage>40</CreateStage>
  <RunAs>1</RunAs>
  <IsTransacted>1</IsTransacted>
  <IntroducedVersion>1.0.0.0</IntroducedVersion>
  <IsCustomizable>1</IsCustomizable>
  <BusinessProcessType>0</BusinessProcessType>
  <IsCustomProcessingStepAllowedForOtherPublishers>1</IsCustomProcessingStepAllowedForOtherPublishers>
  <ModernFlowType>0</ModernFlowType>
  <PrimaryEntity>ActionCard</PrimaryEntity>
  <LocalizedNames>
    <LocalizedName languagecode="1033" description="test" />
  </LocalizedNames>
</Workflow>